Using pre-set license
Built from '2020.2/staging' branch; Version is '2020.2.7f1 (c53830e277f1) revision 12924976'; Using compiler version '192528614'; Build Type 'Release'
OS: 'Windows 10 Home; OS build 22631.4602; Version 2009; 64bit' Language: 'en' Physical Memory: 15711 MB
BatchMode: 1, IsHumanControllingUs: 0, StartBugReporterOnCrash: 0, Is64bit: 1, IsPro: 0

 COMMAND LINE ARGUMENTS:
C:\Program Files\Unity\Hub\Editor\2020.2.7f1\Editor\Unity.exe
-adb2
-batchMode
-noUpm
-name
AssetImportWorker0
-projectPath
D:/AI-NPCs/AI-NPC
-logFile
Logs/AssetImportWorker0.log
-srvPort
53938
Successfully changed project path to: D:/AI-NPCs/AI-NPC
D:/AI-NPCs/AI-NPC
Using Asset Import Pipeline V2.
Refreshing native plugins compatible for Editor in 139.53 ms, found 1 plugins.
Preloading 0 native plugins for Editor in 0.00 ms.
Initialize engine version: 2020.2.7f1 (c53830e277f1)
[Subsystems] Discovering subsystems at path C:/Program Files/Unity/Hub/Editor/2020.2.7f1/Editor/Data/Resources/UnitySubsystems
[Subsystems] Discovering subsystems at path D:/AI-NPCs/AI-NPC/Assets
GfxDevice: creating device client; threaded=0
Direct3D:
    Version:  Direct3D 11.0 [level 11.1]
    Renderer: NVIDIA GeForce RTX 3060 (ID=0x2504)
    Vendor:   
    VRAM:     12115 MB
    Driver:   31.0.15.5241
Initialize mono
Mono path[0] = 'C:/Program Files/Unity/Hub/Editor/2020.2.7f1/Editor/Data/Managed'
Mono path[1] = 'C:/Program Files/Unity/Hub/Editor/2020.2.7f1/Editor/Data/MonoBleedingEdge/lib/mono/unityjit'
Mono config path = 'C:/Program Files/Unity/Hub/Editor/2020.2.7f1/Editor/Data/MonoBleedingEdge/etc'
Using monoOptions --debugger-agent=transport=dt_socket,embedding=1,server=y,suspend=n,address=127.0.0.1:56152
Begin MonoManager ReloadAssembly
Registering precompiled unity dll's ...
Register platform support module: C:/Program Files/Unity/Hub/Editor/2020.2.7f1/Editor/Data/PlaybackEngines/WindowsStandaloneSupport/UnityEditor.WindowsStandalone.Extensions.dll
Registered in 0.001011 seconds.
Native extension for WindowsStandalone target not found
Refreshing native plugins compatible for Editor in 129.80 ms, found 1 plugins.
Preloading 0 native plugins for Editor in 0.00 ms.
Invoked RoslynAnalysisRunner static constructor.
RoslynAnalysisRunner will not be running.
RoslynAnalysisRunner has terminated.
Mono: successfully reloaded assembly
- Completed reload, in  0.860 seconds
Platform modules already initialized, skipping
Registering precompiled user dll's ...
Registered in 0.001956 seconds.
Begin MonoManager ReloadAssembly
Native extension for WindowsStandalone target not found
Refreshing native plugins compatible for Editor in 128.74 ms, found 1 plugins.
Preloading 0 native plugins for Editor in 0.00 ms.
Invoked RoslynAnalysisRunner static constructor.
RoslynAnalysisRunner will not be running.
RoslynAnalysisRunner has terminated.
Mono: successfully reloaded assembly
- Completed reload, in  0.760 seconds
Platform modules already initialized, skipping
========================================================================
Worker process is ready to serve import requests
Launched and connected shader compiler UnityShaderCompiler.exe after 0.04 seconds
Refreshing native plugins compatible for Editor in 1.96 ms, found 1 plugins.
Preloading 0 native plugins for Editor in 0.00 ms.
Unloading 1739 Unused Serialized files (Serialized files now loaded: 0)
System memory in use before: 87.1 MB.
System memory in use after: 87.2 MB.

Unloading 22 unused Assets to reduce memory usage. Loaded Objects now: 2182.
Total: 3.143300 ms (FindLiveObjects: 0.255500 ms CreateObjectMapping: 0.104800 ms MarkObjects: 2.703200 ms  DeleteObjects: 0.078900 ms)

========================================================================
Received Import Request.
  path: Assets/LLMUnity/Runtime/RAG/usearch/Cloud.Unum.USearch.asmdef
  artifactKey: Guid(5cd85a883a79084e79040e24753a27a4) Importer(815301076,1909f56bfc062723c751e8b465ee728b)
Start importing Assets/LLMUnity/Runtime/RAG/usearch/Cloud.Unum.USearch.asmdef using Guid(5cd85a883a79084e79040e24753a27a4) Importer(815301076,1909f56bfc062723c751e8b465ee728b)  -> (artifact id: 'b8ecf6fab6d7e73d2c4c6954b2c73d2d') in 0.029162 seconds
  Import took 0.032378 seconds .

========================================================================
Received Import Request.
  Time since last request: 38.494665 seconds.
  path: Assets/LLMUnity/Runtime/RAG/usearch/USearchIndex.cs
  artifactKey: Guid(bc9f068a1a8eab16fad8f42e4b0b013e) Importer(815301076,1909f56bfc062723c751e8b465ee728b)
Start importing Assets/LLMUnity/Runtime/RAG/usearch/USearchIndex.cs using Guid(bc9f068a1a8eab16fad8f42e4b0b013e) Importer(815301076,1909f56bfc062723c751e8b465ee728b)  -> (artifact id: '861e8f91d625015650e766c497c6fc92') in 0.013706 seconds
  Import took 0.017375 seconds .

========================================================================
Received Import Request.
  Time since last request: 1.091113 seconds.
  path: Assets/LLMUnity/Runtime/RAG/usearch/USearchTypes.cs
  artifactKey: Guid(cb3a11c4f75b85afea970e466d0f3120) Importer(815301076,1909f56bfc062723c751e8b465ee728b)
Start importing Assets/LLMUnity/Runtime/RAG/usearch/USearchTypes.cs using Guid(cb3a11c4f75b85afea970e466d0f3120) Importer(815301076,1909f56bfc062723c751e8b465ee728b)  -> (artifact id: '3fe4a01c3e10ed4724b97cc99581b939') in 0.008431 seconds
  Import took 0.011414 seconds .

========================================================================
Received Import Request.
  Time since last request: 14.472822 seconds.
  path: Assets/LLMUnity/Samples/KnowledgeBaseGame/Scene.unity
  artifactKey: Guid(79327dadc0b96d29bb1603b0001f405e) Importer(815301076,1909f56bfc062723c751e8b465ee728b)
Start importing Assets/LLMUnity/Samples/KnowledgeBaseGame/Scene.unity using Guid(79327dadc0b96d29bb1603b0001f405e) Importer(815301076,1909f56bfc062723c751e8b465ee728b)  -> (artifact id: '61b02f68e06759da083f5233198860b3') in 0.015018 seconds
  Import took 0.018360 seconds .

========================================================================
Received Import Request.
  Time since last request: 7.349729 seconds.
  path: Assets/LLMUnity/Runtime/RAG/usearch/USearchException.cs
  artifactKey: Guid(587fe86c17f98ed86af2b0adda713e91) Importer(815301076,1909f56bfc062723c751e8b465ee728b)
Start importing Assets/LLMUnity/Runtime/RAG/usearch/USearchException.cs using Guid(587fe86c17f98ed86af2b0adda713e91) Importer(815301076,1909f56bfc062723c751e8b465ee728b)  -> (artifact id: '469384afa005071795dc0c5a68cc5745') in 0.008694 seconds
  Import took 0.011873 seconds .

========================================================================
Received Import Request.
  Time since last request: 216.824938 seconds.
  path: Assets/LLMUnity/Runtime/RAG/usearch/USearchIndex.cs
  artifactKey: Guid(bc9f068a1a8eab16fad8f42e4b0b013e) Importer(815301076,1909f56bfc062723c751e8b465ee728b)
Start importing Assets/LLMUnity/Runtime/RAG/usearch/USearchIndex.cs using Guid(bc9f068a1a8eab16fad8f42e4b0b013e) Importer(815301076,1909f56bfc062723c751e8b465ee728b)  -> (artifact id: '4396e44060e75f5f66d556090bc55cf3') in 0.002454 seconds
  Import took 0.006134 seconds .

========================================================================
Received Import Request.
  Time since last request: 1490.078105 seconds.
  path: Assets/LeanTween/Examples/Models/CameraShakeText.fbx
  artifactKey: Guid(f4d8d07c107904cdfb54156450f020f3) Importer(815301076,1909f56bfc062723c751e8b465ee728b)
Start importing Assets/LeanTween/Examples/Models/CameraShakeText.fbx using Guid(f4d8d07c107904cdfb54156450f020f3) Importer(815301076,1909f56bfc062723c751e8b465ee728b)  -> (artifact id: '1327a564118cafe879afe589365a8ac4') in 0.362995 seconds
  Import took 0.367090 seconds .

